<?xml version="1.0" encoding="UTF-8"?>
<!-- Generated by org.testng.reporters.JUnitXMLReporter -->
<testsuite ignored="0" hostname="Bharani" failures="0" tests="4" name="Test" time="0.076" errors="0" timestamp="2022-10-19T08:34:07 IST">
  <testcase classname="scripts.Test3" name="tc4" time="0.01"/>
  <testcase classname="scripts.Test2" name="tc3" time="0.001"/>
  <testcase classname="scripts.Test1" name="tc2" time="0.002"/>
  <testcase classname="scripts.Test0" name="tc1" time="0.001"/>
</testsuite> <!-- Test -->
