<?xml version="1.0" encoding="UTF-8"?>
<testng-results ignored="0" total="4" passed="4" failed="0" skipped="0">
  <reporter-output>
    <line>
      <![CDATA[hello API]]>
    </line>
    <line>
      <![CDATA[hello python]]>
    </line>
    <line>
      <![CDATA[hello selenium]]>
    </line>
    <line>
      <![CDATA[hello java]]>
    </line>
  </reporter-output>
  <suite started-at="2022-10-19T08:34:07 IST" name="Suite" finished-at="2022-10-19T08:34:07 IST" duration-ms="76">
    <groups>
    </groups>
    <test started-at="2022-10-19T08:34:07 IST" name="Test" finished-at="2022-10-19T08:34:07 IST" duration-ms="76">
      <class name="scripts.Test1">
        <test-method signature="tc2()[pri:0, instance:scripts.Test1@72cde7cc]" started-at="2022-10-19T08:34:07 IST" name="tc2" finished-at="2022-10-19T08:34:07 IST" duration-ms="2" status="PASS">
          <reporter-output>
            <line>
              <![CDATA[hello selenium]]>
            </line>
          </reporter-output>
        </test-method> <!-- tc2 -->
      </class> <!-- scripts.Test1 -->
      <class name="scripts.Test0">
        <test-method signature="tc1()[pri:0, instance:scripts.Test0@5fd4f8f5]" started-at="2022-10-19T08:34:07 IST" name="tc1" finished-at="2022-10-19T08:34:07 IST" duration-ms="1" status="PASS">
          <reporter-output>
            <line>
              <![CDATA[hello java]]>
            </line>
          </reporter-output>
        </test-method> <!-- tc1 -->
      </class> <!-- scripts.Test0 -->
      <class name="scripts.Test3">
        <test-method signature="tc4()[pri:0, instance:scripts.Test3@1f97cf0d]" started-at="2022-10-19T08:34:07 IST" name="tc4" finished-at="2022-10-19T08:34:07 IST" duration-ms="10" status="PASS">
          <reporter-output>
            <line>
              <![CDATA[hello API]]>
            </line>
          </reporter-output>
        </test-method> <!-- tc4 -->
      </class> <!-- scripts.Test3 -->
      <class name="scripts.Test2">
        <test-method signature="tc3()[pri:0, instance:scripts.Test2@67080771]" started-at="2022-10-19T08:34:07 IST" name="tc3" finished-at="2022-10-19T08:34:07 IST" duration-ms="1" status="PASS">
          <reporter-output>
            <line>
              <![CDATA[hello python]]>
            </line>
          </reporter-output>
        </test-method> <!-- tc3 -->
      </class> <!-- scripts.Test2 -->
    </test> <!-- Test -->
  </suite> <!-- Suite -->
</testng-results>
